<?xml version="1.0" encoding="UTF-8"?>
<testsuite xmlns:xsi="http://www.w3.org/2001/XMLSchema-instance" xsi:noNamespaceSchemaLocation="https://maven.apache.org/surefire/maven-surefire-plugin/xsd/surefire-test-report.xsd" name="myfs.TestFileSystem" time="0.519" tests="4" errors="0" skipped="0" failures="0">
  <properties>
[...]
</properties>
  <testcase name="emptyFS" classname="myfs.TestFileSystem" time="0.019"/>
  <testcase name="directoryWOName" classname="myfs.TestFileSystem" time="0.001"/>
  <testcase name="fileWOName" classname="myfs.TestFileSystem" time="0.001"/>
  <testcase name="checkXMLFSTest" classname="myfs.TestFileSystem" time="0.011"/>
</testsuite>