<?xml version="1.0" encoding="UTF-8"?>
<testsuite xmlns:xsi="http://www.w3.org/2001/XMLSchema-instance" xsi:noNamespaceSchemaLocation="https://maven.apache.org/surefire/maven-surefire-plugin/xsd/surefire-test-report.xsd" name="myfs.TestFileSystem" time="0.264" tests="5" errors="0" skipped="0" failures="0">
  <properties>
[...]
</properties>
  <testcase name="emptyFS" classname="myfs.TestFileSystem" time="0.02"/>
  <testcase name="directoryWOName" classname="myfs.TestFileSystem" time="0"/>
  <testcase name="fileWOName" classname="myfs.TestFileSystem" time="0"/>
  <testcase name="schemaValidation" classname="myfs.TestFileSystem" time="0.004"/>
  <testcase name="TestFSOK" classname="myfs.TestFileSystem" time="0.016"/>
</testsuite>